d:\mycsprojects\win32projects\brickgame\release\brickgame.pch
d:\mycsprojects\win32projects\brickgame\release\vc140.pdb
d:\mycsprojects\win32projects\brickgame\release\stdafx.obj
d:\mycsprojects\win32projects\brickgame\release\graphicsmanager.obj
d:\mycsprojects\win32projects\brickgame\release\gamecontrol.obj
d:\mycsprojects\win32projects\brickgame\release\bricks.obj
d:\mycsprojects\win32projects\brickgame\release\brickgame.obj
d:\mycsprojects\win32projects\release\brickgame.exe
d:\mycsprojects\win32projects\release\brickgame.ipdb
d:\mycsprojects\win32projects\release\brickgame.iobj
d:\mycsprojects\win32projects\release\brickgame.pdb
d:\mycsprojects\win32projects\brickgame\release\brickgame.res
d:\mycsprojects\win32projects\brickgame\release\brickgame.tlog\cl.command.1.tlog
d:\mycsprojects\win32projects\brickgame\release\brickgame.tlog\cl.read.1.tlog
d:\mycsprojects\win32projects\brickgame\release\brickgame.tlog\cl.write.1.tlog
d:\mycsprojects\win32projects\brickgame\release\brickgame.tlog\link.command.1.tlog
d:\mycsprojects\win32projects\brickgame\release\brickgame.tlog\link.read.1.tlog
d:\mycsprojects\win32projects\brickgame\release\brickgame.tlog\link.write.1.tlog
d:\mycsprojects\win32projects\brickgame\release\brickgame.tlog\rc.command.1.tlog
d:\mycsprojects\win32projects\brickgame\release\brickgame.tlog\rc.read.1.tlog
d:\mycsprojects\win32projects\brickgame\release\brickgame.tlog\rc.write.1.tlog
