d:\mycsprojects\win32projects\brickgame\debug\brickgame.pch
d:\mycsprojects\win32projects\brickgame\debug\vc140.pdb
d:\mycsprojects\win32projects\brickgame\debug\vc140.idb
d:\mycsprojects\win32projects\brickgame\debug\stdafx.obj
d:\mycsprojects\win32projects\brickgame\debug\bricks.obj
d:\mycsprojects\win32projects\brickgame\debug\brickgame.obj
d:\mycsprojects\win32projects\brickgame\debug\gamecontrol.obj
d:\mycsprojects\win32projects\brickgame\debug\graphicsmanager.obj
d:\mycsprojects\win32projects\debug\brickgame.ilk
d:\mycsprojects\win32projects\debug\brickgame.exe
d:\mycsprojects\win32projects\debug\brickgame.pdb
d:\mycsprojects\win32projects\brickgame\debug\brickgame.res
d:\mycsprojects\win32projects\brickgame\debug\brickgame.tlog\cl.command.1.tlog
d:\mycsprojects\win32projects\brickgame\debug\brickgame.tlog\cl.read.1.tlog
d:\mycsprojects\win32projects\brickgame\debug\brickgame.tlog\cl.write.1.tlog
d:\mycsprojects\win32projects\brickgame\debug\brickgame.tlog\link.command.1.tlog
d:\mycsprojects\win32projects\brickgame\debug\brickgame.tlog\link.read.1.tlog
d:\mycsprojects\win32projects\brickgame\debug\brickgame.tlog\link.write.1.tlog
d:\mycsprojects\win32projects\brickgame\debug\brickgame.tlog\rc.command.1.tlog
d:\mycsprojects\win32projects\brickgame\debug\brickgame.tlog\rc.read.1.tlog
d:\mycsprojects\win32projects\brickgame\debug\brickgame.tlog\rc.write.1.tlog
